274512812.3121
765600.41712
1042163.1171
12133738.3729
12063.144809
12138176.8028
1042163.1171
12133738.3729
12063.144809
12138176.8028
1042163.1171
12133738.3729
12063.144809
6217373.24778
1242586.0510
24104172.1370
6032.871677
6037131.70612
1242586.0510
24104172.1370
6032.871677
6037131.70612
1242586.0510
24104172.1370
6032.871677
6037131.70612
1242586.0510
24104172.1370
6032.871677
12302826.27060
995809.9890
48249620.2878
3019.007502
48266548.2407
995809.9890
48249620.2878
3019.007502
48266548.2407
995809.9890
48249620.2878
3019.007502
48266548.2407
995809.9890
48249620.2878
3019.007502
48266548.2407
995809.9890
48249620.2878
3019.007502
48266548.2407
995809.9890
48249620.2878
3019.007502
25170131.87932
1286771.50720
98177160.4078
1514.6309491
98208539.0484
1286771.50720
98177160.4078
1514.6309491
98208539.0484
1286771.50720
98177160.4078
1514.6309491
43792916.3091
8901962.0382
30179571869.02
7379196879.932
28863840164.40
13816297763.84
52871093198.10
24176450923.404
88161425460.18
36408028710.48
118449916658.68
2192106848.256
211862288498.52
47305009169.484
3687118563.994
89208901646.64
21021239664.424
843853747.445
40806703686
9900663582.068
808113820.770
27884306876.88
6871329490.620
897883.6020
