12304594.8578
1380257.74734
26208007.8990
21981217.7880
9609.689664
21983144.5485
26208007.8990
21981217.7880
9609.689664
21983144.5485
26208007.8990
21981217.7880
9609.689664
11376144.495
47385322.3629
43484575.2748
4786.135047
10880324.7930
47385322.3629
43484575.2748
4786.135047
10880324.7930
47385322.3629
43484575.2748
4786.135047
10880324.7930
47385322.3629
43484575.2748
4786.135047
22958348.1017
77693987.553
85712513.0316
2376.50112
85719853.0656
77693987.553
85712513.0316
2376.50112
85719853.0656
77693987.553
85712513.0316
2376.50112
85719853.0656
77693987.553
85712513.0316
2376.50112
85719853.0656
77693987.553
85712513.0316
2376.50112
85719853.0656
77693987.553
85712513.0316
2376.50112
47638655.6685
105342103.47076
168034641.4657
1175.9666184
168048587.5284
105342103.47076
168034641.4657
1175.9666184
168048587.5284
105342103.47076
168034641.4657
1175.9666184
6777332598.7356
8690496.7539
30179681688.09
14768584434.450
57750743510.60
27697376980.021
105979866041.42
48675118947.948
177530798985.78
74073354795.026
241316912684.730
15322495328.525
427326642007.60
95457372520.126
25637108011.177
179055496451.00
42200789396.324
2926363861.470
81702318207.77
19826493244.915
1399773650.660
39043529281.90
9624296652.250
1074988.1025
