6384412.320
347080.35694
5023629.0762
5527367.5416
2412.542462
5531312.8432
5023629.0762
5527367.5416
2412.542462
5531312.8432
5023629.0762
5527367.5416
2412.542462
5613852.2116
11116546.3136
13334189.7081
1423.891865
3337472.8530
11116546.3136
13334189.7081
1423.891865
3337472.8530
11116546.3136
13334189.7081
1423.891865
3337472.8530
11116546.3136
13334189.7081
1423.891865
14631843.458
18494811.7088
26365734.6611
708.068122
26382721.6085
18494811.7088
26365734.6611
708.068122
26382721.6085
18494811.7088
26365734.6611
708.068122
26382721.6085
18494811.7088
26365734.6611
708.068122
26382721.6085
18494811.7088
26365734.6611
708.068122
26382721.6085
18494811.7088
26365734.6611
708.068122
113318747.9073
23402862.09868
47978666.334
336.0539668
48006139.0383
23402862.09868
47978666.334
336.0539668
48006139.0383
23402862.09868
47978666.334
336.0539668
6915645507.5356
8597009.168
30678716544.77
7644466853.118
29013337422.55
7075255088.875
25464763524.96
10130800301.424
32589335081.44
14270178363.420
51116826583.68
3710690970.798
82028543261.7
19309429548.36
5717281867.896
34280149377.04
8305396187.124
851521417.179
29104910369.36
7162760499.136
739291254.0
27250766611.95
6763437948.712
1214387.7254
