5738350.69899
7203.54638
349771.88526
27561.07051
2110.609386
112411.44600
349771.88526
27561.07051
2110.609386
112411.44600
349771.88526
27561.07051
2110.609386
14939.13806
153553.03048
14432.6208
528.789174
13863.76222
153553.03048
14432.6208
528.789174
13863.76222
153553.03048
14432.6208
528.789174
13863.76222
153553.03048
14432.6208
528.789174
8162.04978
70878.46518
17740.4200
133.050648
31347.26232
70878.46518
17740.4200
133.050648
31347.26232
70878.46518
17740.4200
133.050648
31347.26232
70878.46518
17740.4200
133.050648
31347.26232
70878.46518
17740.4200
133.050648
31347.26232
70878.46518
17740.4200
133.050648
8385.41998
65778.80498
32744.70345
34.0540027
32893.47854
65778.80498
32744.70345
34.0540027
32893.47854
65778.80498
32744.70345
34.0540027
18380031.9570
71733862.3397
4256159479.474
512845278.786
1989699564.736
234259750.88
883025536.900
99441883.044
351945655.754
39515652.592
122738912.62
9409963.266
719301812.04
155023463.140
27585966.540
1119155004.822
258664595.042
24017714.58
1988746158.762
477902324.528
45847334.376
3776534754.160
926808684.256
1601691.10974
